<?xml version="1.0" encoding="UTF-8"?>
<!-- Generated by org.testng.reporters.JUnitReportReporter -->
<testsuite hostname="MAVBNG0522111" failures="0" tests="1" name="cucumberOptions.TestNGRunner" time="0.096" errors="0" timestamp="2024-01-16T15:51:25 IST" skipped="0">
  <testcase classname="cucumberOptions.TestNGRunner" name="runScenario" time="0.096"/>
</testsuite> <!-- cucumberOptions.TestNGRunner -->
