<?xml version="1.0" encoding="UTF-8"?>
<!-- Generated by org.testng.reporters.JUnitReportReporter -->
<testsuite hostname="MAVBNG0522111" failures="0" tests="1" name="cucumberOptions.TestNGRunner" time="3.802" errors="0" timestamp="2024-02-02T12:33:25 IST" skipped="0">
  <testcase classname="cucumberOptions.TestNGRunner" name="runScenario" time="3.802"/>
</testsuite> <!-- cucumberOptions.TestNGRunner -->
